Next at t=0
(0) [0x0000fffffff0] f000:fff0 (unk. ctxt): mov ax, 0x0000            ; b80000
Next at t=1
(0) [0x0000fffffff3] f000:fff3 (unk. ctxt): jmp ax                    ; ffe0
Next at t=2
(0) [0x0000ffff0000] f000:0000 (unk. ctxt): jmp .+30 (0xffff0020)     ; eb1e
Next at t=3
(0) [0x0000ffff0020] f000:0020 (unk. ctxt): cli                       ; fa
Next at t=4
(0) [0x0000ffff0021] f000:0021 (unk. ctxt): lgdt cs:0x001a            ; 662e0f01161a00
Next at t=5
(0) [0x0000ffff0028] f000:0028 (unk. ctxt): mov eax, cr0              ; 0f20c0
Next at t=6
(0) [0x0000ffff002b] f000:002b (unk. ctxt): or eax, 0x00000001        ; 6683c801
Next at t=7
(0) [0x0000ffff002f] f000:002f (unk. ctxt): mov cr0, eax              ; 0f22c0
Next at t=8
(0) [0x0000ffff0032] f000:0000000000000032 (unk. ctxt): jmpf 0x0010:ffff003a      ; 66ea3a00ffff1000
Next at t=9
(0) [0x0000ffff003a] 0010:00000000ffff003a (unk. ctxt): mov ax, 0x000b            ; 66b80b00
Next at t=10
(0) [0x0000ffff003e] 0010:00000000ffff003e (unk. ctxt): mov ds, ax                ; 8ed8
(0).[10] [0x0000ffff003e] 0010:00000000ffff003e (unk. ctxt): mov ds, ax                ; 8ed8
Next at t=11
(0) [0x0000fffffff0] f000:fff0 (unk. ctxt): mov ax, 0x0000            ; b80000
Next at t=12
(0) [0x0000fffffff3] f000:fff3 (unk. ctxt): jmp ax                    ; ffe0
Next at t=13
(0) [0x0000ffff0000] f000:0000 (unk. ctxt): jmp .+30 (0xffff0020)     ; eb1e
Next at t=14
(0) [0x0000ffff0020] f000:0020 (unk. ctxt): cli                       ; fa
Next at t=15
(0) [0x0000ffff0021] f000:0021 (unk. ctxt): lgdt cs:0x001a            ; 662e0f01161a00
Next at t=16
(0) [0x0000ffff0028] f000:0028 (unk. ctxt): mov eax, cr0              ; 0f20c0
Next at t=17
(0) [0x0000ffff002b] f000:002b (unk. ctxt): or eax, 0x00000001        ; 6683c801
(0).[17] [0x0000ffff002b] f000:002b (unk. ctxt): or eax, 0x00000001        ; 6683c801
